2017-01-11 11:54:21 [ main ] 添加测试完成
2017-01-11 12:19:26 [ main ] 添加测试完成
2017-01-11 12:21:01 [ main ] 添加测试完成
2017-01-11 12:59:07 [ main ] 添加测试完成
2017-01-11 13:18:59 [ main ] 添加测试完成
2017-01-11 13:21:13 [ main ] 添加测试完成
2017-01-11 13:25:29 [ main ] 添加测试完成
2017-01-11 13:32:13 [ main ] 添加测试完成
2017-01-11 13:34:40 [ main ] zhujiadun
2017-01-11 13:34:49 [ main ] 娣诲姞瀹屾垚
2017-01-11 14:01:29 [ main ] 添加测试完成
2017-01-11 14:05:15 [ main ] 添加测试完成
2017-01-11 18:04:34 [ main ] 添加测试完成
2017-01-11 18:06:02 [ main ] 添加测试完成
2017-01-11 18:07:06 [ main ] 添加测试完成
2017-01-11 18:09:53 [ main ] 添加测试完成
2017-01-11 18:10:28 [ main ] 添加测试完成
2017-01-11 18:28:14 [ main ] 娣诲姞娴嬭瘯瀹屾垚
2017-01-11 18:32:01 [ main ] 娣诲姞娴嬭瘯瀹屾垚
2017-01-11 18:32:58 [ main ] 添加测试完成
2017-01-11 18:54:25 [ main ] 添加完成
2017-01-11 18:54:48 [ main ] 添加测试完成
2017-01-11 18:59:39 [ main ] 添加完成
2017-01-11 18:59:48 [ main ] 添加测试完成
2017-01-11 19:01:50 [ main ] 添加测试完成
2017-01-11 19:04:12 [ main ] 添加完成
2017-01-11 19:06:35 [ main ] 添加完成
2017-01-11 19:06:46 [ main ] 添加测试完成
2017-01-11 19:07:47 [ main ] 添加测试完成
2017-01-11 19:08:12 [ main ] 添加测试完成
2017-01-11 19:12:01 [ main ] 添加测试完成
2017-01-11 19:12:13 [ main ] 添加测试完成
2017-01-11 19:31:26 [ main ] 添加测试完成
2017-01-11 19:32:53 [ main ] 添加测试完成
2017-01-11 19:33:20 [ main ] zhujiadun
2017-01-11 19:43:14 [ main ] 添加完成
2017-01-11 20:53:45 [ main ] 添加测试完成
